2019-12-24 11:29:12.027  INFO 22072 --- [main] com.example.platform.DemoApplication         : Starting DemoApplication on LAPTOP-NGJ0BRPI with PID 22072 (started by Meleny in C:\Users\Meleny\Desktop\m'file\compulsory courses\网络应用开发\spring-boot-examples\demo)
2019-12-24 11:29:12.032  INFO 22072 --- [main] com.example.platform.DemoApplication         : No active profile set, falling back to default profiles: default
2019-12-24 11:29:12.995  INFO 22072 --- [main] .s.d.r.c.RepositoryConfigurationDelegate : Bootstrapping Spring Data JPA repositories in DEFAULT mode.
2019-12-24 11:29:13.058  INFO 22072 --- [main] .s.d.r.c.RepositoryConfigurationDelegate : Finished Spring Data repository scanning in 54ms. Found 1 JPA repository interfaces.
2019-12-24 11:29:13.330  INFO 22072 --- [main] trationDelegate$BeanPostProcessorChecker : Bean 'org.springframework.transaction.annotation.ProxyTransactionManagementConfiguration' of type [org.springframework.transaction.annotation.ProxyTransactionManagementConfiguration] is not eligible for getting processed by all BeanPostProcessors (for example: not eligible for auto-proxying)
2019-12-24 11:29:13.553  INFO 22072 --- [main] o.s.b.w.embedded.tomcat.TomcatWebServer  : Tomcat initialized with port(s): 8080 (http)
2019-12-24 11:29:13.562  INFO 22072 --- [main] o.apache.catalina.core.StandardService   : Starting service [Tomcat]
2019-12-24 11:29:13.563  INFO 22072 --- [main] org.apache.catalina.core.StandardEngine  : Starting Servlet engine: [Apache Tomcat/9.0.29]
2019-12-24 11:29:13.565  INFO 22072 --- [main] o.a.catalina.core.AprLifecycleListener   : Loaded APR based Apache Tomcat Native library [1.2.23] using APR version [1.7.0].
2019-12-24 11:29:13.565  INFO 22072 --- [main] o.a.catalina.core.AprLifecycleListener   : APR capabilities: IPv6 [true], sendfile [true], accept filters [false], random [true].
2019-12-24 11:29:13.565  INFO 22072 --- [main] o.a.catalina.core.AprLifecycleListener   : APR/OpenSSL configuration: useAprConnector [false], useOpenSSL [true]
2019-12-24 11:29:13.569  INFO 22072 --- [main] o.a.catalina.core.AprLifecycleListener   : OpenSSL successfully initialized [OpenSSL 1.1.1c  28 May 2019]
2019-12-24 11:29:13.681  INFO 22072 --- [main] o.a.c.c.C.[Tomcat].[localhost].[/]       : Initializing Spring embedded WebApplicationContext
2019-12-24 11:29:13.681  INFO 22072 --- [main] o.s.web.context.ContextLoader            : Root WebApplicationContext: initialization completed in 1552 ms
2019-12-24 11:29:13.819  INFO 22072 --- [main] o.hibernate.jpa.internal.util.LogHelper  : HHH000204: Processing PersistenceUnitInfo [name: default]
2019-12-24 11:29:13.905  INFO 22072 --- [main] org.hibernate.Version                    : HHH000412: Hibernate Core {5.4.9.Final}
2019-12-24 11:29:14.056  INFO 22072 --- [main] o.hibernate.annotations.common.Version   : HCANN000001: Hibernate Commons Annotations {5.1.0.Final}
2019-12-24 11:29:14.201  INFO 22072 --- [main] com.zaxxer.hikari.HikariDataSource       : HikariPool-1 - Starting...
2019-12-24 11:29:14.439  INFO 22072 --- [main] com.zaxxer.hikari.HikariDataSource       : HikariPool-1 - Start completed.
2019-12-24 11:29:14.452  INFO 22072 --- [main] org.hibernate.dialect.Dialect            : HHH000400: Using dialect: org.hibernate.dialect.MySQL5InnoDBDialect
2019-12-24 11:29:15.476  INFO 22072 --- [main] o.h.e.t.j.p.i.JtaPlatformInitiator       : HHH000490: Using JtaPlatform implementation: [org.hibernate.engine.transaction.jta.platform.internal.NoJtaPlatform]
2019-12-24 11:29:15.483  INFO 22072 --- [main] j.LocalContainerEntityManagerFactoryBean : Initialized JPA EntityManagerFactory for persistence unit 'default'
2019-12-24 11:29:15.506  WARN 22072 --- [main] ConfigServletWebServerApplicationContext : Exception encountered during context initialization - cancelling refresh attempt: org.springframework.beans.factory.BeanCreationException: Error creating bean with name 'providerController': Injection of resource dependencies failed; nested exception is org.springframework.beans.factory.NoSuchBeanDefinitionException: No qualifying bean of type 'com.example.platform.service.ProviderService' available: expected at least 1 bean which qualifies as autowire candidate. Dependency annotations: {@javax.annotation.Resource(shareable=true, lookup="", name="", description="", authenticationType=CONTAINER, type=java.lang.Object.class, mappedName="")}
2019-12-24 11:29:15.506  INFO 22072 --- [main] j.LocalContainerEntityManagerFactoryBean : Closing JPA EntityManagerFactory for persistence unit 'default'
2019-12-24 11:29:15.511  INFO 22072 --- [main] com.zaxxer.hikari.HikariDataSource       : HikariPool-1 - Shutdown initiated...
2019-12-24 11:29:15.518  INFO 22072 --- [main] com.zaxxer.hikari.HikariDataSource       : HikariPool-1 - Shutdown completed.
2019-12-24 11:29:15.520  INFO 22072 --- [main] o.apache.catalina.core.StandardService   : Stopping service [Tomcat]
2019-12-24 11:29:15.528  INFO 22072 --- [main] ConditionEvaluationReportLoggingListener : 

Error starting ApplicationContext. To display the conditions report re-run your application with 'debug' enabled.
2019-12-24 11:29:15.602 ERROR 22072 --- [main] o.s.b.d.LoggingFailureAnalysisReporter   : 

***************************
APPLICATION FAILED TO START
***************************

Description:

A component required a bean of type 'com.example.platform.service.ProviderService' that could not be found.


Action:

Consider defining a bean of type 'com.example.platform.service.ProviderService' in your configuration.

2019-12-24 11:31:26.775  INFO 11280 --- [main] com.example.platform.DemoApplication         : Starting DemoApplication on LAPTOP-NGJ0BRPI with PID 11280 (started by Meleny in C:\Users\Meleny\Desktop\m'file\compulsory courses\网络应用开发\spring-boot-examples\demo)
2019-12-24 11:31:26.782  INFO 11280 --- [main] com.example.platform.DemoApplication         : No active profile set, falling back to default profiles: default
2019-12-24 11:31:27.886  INFO 11280 --- [main] .s.d.r.c.RepositoryConfigurationDelegate : Bootstrapping Spring Data JPA repositories in DEFAULT mode.
2019-12-24 11:31:27.968  INFO 11280 --- [main] .s.d.r.c.RepositoryConfigurationDelegate : Finished Spring Data repository scanning in 68ms. Found 1 JPA repository interfaces.
2019-12-24 11:31:28.205  INFO 11280 --- [main] trationDelegate$BeanPostProcessorChecker : Bean 'org.springframework.transaction.annotation.ProxyTransactionManagementConfiguration' of type [org.springframework.transaction.annotation.ProxyTransactionManagementConfiguration] is not eligible for getting processed by all BeanPostProcessors (for example: not eligible for auto-proxying)
2019-12-24 11:31:28.408  INFO 11280 --- [main] o.s.b.w.embedded.tomcat.TomcatWebServer  : Tomcat initialized with port(s): 8080 (http)
2019-12-24 11:31:28.417  INFO 11280 --- [main] o.apache.catalina.core.StandardService   : Starting service [Tomcat]
2019-12-24 11:31:28.417  INFO 11280 --- [main] org.apache.catalina.core.StandardEngine  : Starting Servlet engine: [Apache Tomcat/9.0.29]
2019-12-24 11:31:28.419  INFO 11280 --- [main] o.a.catalina.core.AprLifecycleListener   : Loaded APR based Apache Tomcat Native library [1.2.23] using APR version [1.7.0].
2019-12-24 11:31:28.419  INFO 11280 --- [main] o.a.catalina.core.AprLifecycleListener   : APR capabilities: IPv6 [true], sendfile [true], accept filters [false], random [true].
2019-12-24 11:31:28.419  INFO 11280 --- [main] o.a.catalina.core.AprLifecycleListener   : APR/OpenSSL configuration: useAprConnector [false], useOpenSSL [true]
2019-12-24 11:31:28.422  INFO 11280 --- [main] o.a.catalina.core.AprLifecycleListener   : OpenSSL successfully initialized [OpenSSL 1.1.1c  28 May 2019]
2019-12-24 11:31:28.532  INFO 11280 --- [main] o.a.c.c.C.[Tomcat].[localhost].[/]       : Initializing Spring embedded WebApplicationContext
2019-12-24 11:31:28.532  INFO 11280 --- [main] o.s.web.context.ContextLoader            : Root WebApplicationContext: initialization completed in 1651 ms
2019-12-24 11:31:28.670  INFO 11280 --- [main] o.hibernate.jpa.internal.util.LogHelper  : HHH000204: Processing PersistenceUnitInfo [name: default]
2019-12-24 11:31:28.725  INFO 11280 --- [main] org.hibernate.Version                    : HHH000412: Hibernate Core {5.4.9.Final}
2019-12-24 11:31:28.812  INFO 11280 --- [main] o.hibernate.annotations.common.Version   : HCANN000001: Hibernate Commons Annotations {5.1.0.Final}
2019-12-24 11:31:28.889  INFO 11280 --- [main] com.zaxxer.hikari.HikariDataSource       : HikariPool-1 - Starting...
2019-12-24 11:31:29.036  INFO 11280 --- [main] com.zaxxer.hikari.HikariDataSource       : HikariPool-1 - Start completed.
2019-12-24 11:31:29.044  INFO 11280 --- [main] org.hibernate.dialect.Dialect            : HHH000400: Using dialect: org.hibernate.dialect.MySQL5InnoDBDialect
2019-12-24 11:31:29.528  INFO 11280 --- [main] o.h.e.t.j.p.i.JtaPlatformInitiator       : HHH000490: Using JtaPlatform implementation: [org.hibernate.engine.transaction.jta.platform.internal.NoJtaPlatform]
2019-12-24 11:31:29.537  INFO 11280 --- [main] j.LocalContainerEntityManagerFactoryBean : Initialized JPA EntityManagerFactory for persistence unit 'default'
2019-12-24 11:31:29.746  WARN 11280 --- [main] JpaBaseConfiguration$JpaWebConfiguration : spring.jpa.open-in-view is enabled by default. Therefore, database queries may be performed during view rendering. Explicitly configure spring.jpa.open-in-view to disable this warning
2019-12-24 11:31:29.840  INFO 11280 --- [main] o.s.s.concurrent.ThreadPoolTaskExecutor  : Initializing ExecutorService 'applicationTaskExecutor'
2019-12-24 11:31:30.016  INFO 11280 --- [main] o.s.b.w.embedded.tomcat.TomcatWebServer  : Tomcat started on port(s): 8080 (http) with context path ''
2019-12-24 11:31:30.018  INFO 11280 --- [main] com.example.platform.DemoApplication         : Started DemoApplication in 3.745 seconds (JVM running for 5.321)
2019-12-24 12:10:46.422  INFO 6512 --- [main] com.example.platform.DemoApplication         : Starting DemoApplication on LAPTOP-NGJ0BRPI with PID 6512 (started by Meleny in C:\Users\Meleny\Desktop\m'file\compulsory courses\网络应用开发\spring-boot-examples\demo)
2019-12-24 12:10:46.425  INFO 6512 --- [main] com.example.platform.DemoApplication         : No active profile set, falling back to default profiles: default
2019-12-24 12:10:47.240  INFO 6512 --- [main] .s.d.r.c.RepositoryConfigurationDelegate : Bootstrapping Spring Data JPA repositories in DEFAULT mode.
2019-12-24 12:10:47.314  INFO 6512 --- [main] .s.d.r.c.RepositoryConfigurationDelegate : Finished Spring Data repository scanning in 66ms. Found 1 JPA repository interfaces.
2019-12-24 12:10:47.554  INFO 6512 --- [main] trationDelegate$BeanPostProcessorChecker : Bean 'org.springframework.transaction.annotation.ProxyTransactionManagementConfiguration' of type [org.springframework.transaction.annotation.ProxyTransactionManagementConfiguration] is not eligible for getting processed by all BeanPostProcessors (for example: not eligible for auto-proxying)
2019-12-24 12:10:47.772  INFO 6512 --- [main] o.s.b.w.embedded.tomcat.TomcatWebServer  : Tomcat initialized with port(s): 8080 (http)
2019-12-24 12:10:47.781  INFO 6512 --- [main] o.apache.catalina.core.StandardService   : Starting service [Tomcat]
2019-12-24 12:10:47.781  INFO 6512 --- [main] org.apache.catalina.core.StandardEngine  : Starting Servlet engine: [Apache Tomcat/9.0.29]
2019-12-24 12:10:47.783  INFO 6512 --- [main] o.a.catalina.core.AprLifecycleListener   : Loaded APR based Apache Tomcat Native library [1.2.23] using APR version [1.7.0].
2019-12-24 12:10:47.783  INFO 6512 --- [main] o.a.catalina.core.AprLifecycleListener   : APR capabilities: IPv6 [true], sendfile [true], accept filters [false], random [true].
2019-12-24 12:10:47.783  INFO 6512 --- [main] o.a.catalina.core.AprLifecycleListener   : APR/OpenSSL configuration: useAprConnector [false], useOpenSSL [true]
2019-12-24 12:10:47.787  INFO 6512 --- [main] o.a.catalina.core.AprLifecycleListener   : OpenSSL successfully initialized [OpenSSL 1.1.1c  28 May 2019]
2019-12-24 12:10:47.911  INFO 6512 --- [main] o.a.c.c.C.[Tomcat].[localhost].[/]       : Initializing Spring embedded WebApplicationContext
2019-12-24 12:10:47.912  INFO 6512 --- [main] o.s.web.context.ContextLoader            : Root WebApplicationContext: initialization completed in 1442 ms
2019-12-24 12:10:48.047  INFO 6512 --- [main] o.hibernate.jpa.internal.util.LogHelper  : HHH000204: Processing PersistenceUnitInfo [name: default]
2019-12-24 12:10:48.121  INFO 6512 --- [main] org.hibernate.Version                    : HHH000412: Hibernate Core {5.4.9.Final}
2019-12-24 12:10:48.276  INFO 6512 --- [main] o.hibernate.annotations.common.Version   : HCANN000001: Hibernate Commons Annotations {5.1.0.Final}
2019-12-24 12:10:48.414  INFO 6512 --- [main] com.zaxxer.hikari.HikariDataSource       : HikariPool-1 - Starting...
2019-12-24 12:10:48.614  INFO 6512 --- [main] com.zaxxer.hikari.HikariDataSource       : HikariPool-1 - Start completed.
2019-12-24 12:10:48.630  INFO 6512 --- [main] org.hibernate.dialect.Dialect            : HHH000400: Using dialect: org.hibernate.dialect.MySQL5InnoDBDialect
2019-12-24 12:10:49.171  INFO 6512 --- [main] o.h.e.t.j.p.i.JtaPlatformInitiator       : HHH000490: Using JtaPlatform implementation: [org.hibernate.engine.transaction.jta.platform.internal.NoJtaPlatform]
2019-12-24 12:10:49.176  INFO 6512 --- [main] j.LocalContainerEntityManagerFactoryBean : Initialized JPA EntityManagerFactory for persistence unit 'default'
2019-12-24 12:10:49.388  WARN 6512 --- [main] JpaBaseConfiguration$JpaWebConfiguration : spring.jpa.open-in-view is enabled by default. Therefore, database queries may be performed during view rendering. Explicitly configure spring.jpa.open-in-view to disable this warning
2019-12-24 12:10:49.479  INFO 6512 --- [main] o.s.s.concurrent.ThreadPoolTaskExecutor  : Initializing ExecutorService 'applicationTaskExecutor'
2019-12-24 12:10:49.518  WARN 6512 --- [main] ConfigServletWebServerApplicationContext : Exception encountered during context initialization - cancelling refresh attempt: org.springframework.beans.factory.BeanCreationException: Error creating bean with name 'requestMappingHandlerMapping' defined in class path resource [org/springframework/boot/autoconfigure/web/servlet/WebMvcAutoConfiguration$EnableWebMvcConfiguration.class]: Invocation of init method failed; nested exception is java.lang.IllegalStateException: Ambiguous mapping. Cannot map 'providerController' method 
com.example.platform.web.ProviderController#index()
to { /}: There is already 'indexController' bean method
com.example.platform.web.IndexController#index() mapped.
2019-12-24 12:10:49.518  INFO 6512 --- [main] o.s.s.concurrent.ThreadPoolTaskExecutor  : Shutting down ExecutorService 'applicationTaskExecutor'
2019-12-24 12:10:49.518  INFO 6512 --- [main] j.LocalContainerEntityManagerFactoryBean : Closing JPA EntityManagerFactory for persistence unit 'default'
2019-12-24 12:10:49.520  INFO 6512 --- [main] com.zaxxer.hikari.HikariDataSource       : HikariPool-1 - Shutdown initiated...
2019-12-24 12:10:49.527  INFO 6512 --- [main] com.zaxxer.hikari.HikariDataSource       : HikariPool-1 - Shutdown completed.
2019-12-24 12:10:49.528  INFO 6512 --- [main] o.apache.catalina.core.StandardService   : Stopping service [Tomcat]
2019-12-24 12:10:49.537  INFO 6512 --- [main] ConditionEvaluationReportLoggingListener : 

Error starting ApplicationContext. To display the conditions report re-run your application with 'debug' enabled.
2019-12-24 12:10:49.543 ERROR 6512 --- [main] o.s.boot.SpringApplication               : Application run failed

org.springframework.beans.factory.BeanCreationException: Error creating bean with name 'requestMappingHandlerMapping' defined in class path resource [org/springframework/boot/autoconfigure/web/servlet/WebMvcAutoConfiguration$EnableWebMvcConfiguration.class]: Invocation of init method failed; nested exception is java.lang.IllegalStateException: Ambiguous mapping. Cannot map 'providerController' method 
com.example.platform.web.ProviderController#index()
to { /}: There is already 'indexController' bean method
com.example.platform.web.IndexController#index() mapped.
	at org.springframework.beans.factory.support.AbstractAutowireCapableBeanFactory.initializeBean(AbstractAutowireCapableBeanFactory.java:1796) ~[spring-beans-5.2.2.RELEASE.jar:5.2.2.RELEASE]
	at org.springframework.beans.factory.support.AbstractAutowireCapableBeanFactory.doCreateBean(AbstractAutowireCapableBeanFactory.java:595) ~[spring-beans-5.2.2.RELEASE.jar:5.2.2.RELEASE]
	at org.springframework.beans.factory.support.AbstractAutowireCapableBeanFactory.createBean(AbstractAutowireCapableBeanFactory.java:517) ~[spring-beans-5.2.2.RELEASE.jar:5.2.2.RELEASE]
	at org.springframework.beans.factory.support.AbstractBeanFactory.lambda$doGetBean$0(AbstractBeanFactory.java:323) ~[spring-beans-5.2.2.RELEASE.jar:5.2.2.RELEASE]
	at org.springframework.beans.factory.support.DefaultSingletonBeanRegistry.getSingleton(DefaultSingletonBeanRegistry.java:222) ~[spring-beans-5.2.2.RELEASE.jar:5.2.2.RELEASE]
	at org.springframework.beans.factory.support.AbstractBeanFactory.doGetBean(AbstractBeanFactory.java:321) ~[spring-beans-5.2.2.RELEASE.jar:5.2.2.RELEASE]
	at org.springframework.beans.factory.support.AbstractBeanFactory.getBean(AbstractBeanFactory.java:202) ~[spring-beans-5.2.2.RELEASE.jar:5.2.2.RELEASE]
	at org.springframework.beans.factory.support.DefaultListableBeanFactory.preInstantiateSingletons(DefaultListableBeanFactory.java:879) ~[spring-beans-5.2.2.RELEASE.jar:5.2.2.RELEASE]
	at org.springframework.context.support.AbstractApplicationContext.finishBeanFactoryInitialization(AbstractApplicationContext.java:878) ~[spring-context-5.2.2.RELEASE.jar:5.2.2.RELEASE]
	at org.springframework.context.support.AbstractApplicationContext.refresh(AbstractApplicationContext.java:550) ~[spring-context-5.2.2.RELEASE.jar:5.2.2.RELEASE]
	at org.springframework.boot.web.servlet.context.ServletWebServerApplicationContext.refresh(ServletWebServerApplicationContext.java:141) ~[spring-boot-2.2.2.RELEASE.jar:2.2.2.RELEASE]
	at org.springframework.boot.SpringApplication.refresh(SpringApplication.java:747) [spring-boot-2.2.2.RELEASE.jar:2.2.2.RELEASE]
	at org.springframework.boot.SpringApplication.refreshContext(SpringApplication.java:397) [spring-boot-2.2.2.RELEASE.jar:2.2.2.RELEASE]
	at org.springframework.boot.SpringApplication.run(SpringApplication.java:315) [spring-boot-2.2.2.RELEASE.jar:2.2.2.RELEASE]
	at org.springframework.boot.SpringApplication.run(SpringApplication.java:1226) [spring-boot-2.2.2.RELEASE.jar:2.2.2.RELEASE]
	at org.springframework.boot.SpringApplication.run(SpringApplication.java:1215) [spring-boot-2.2.2.RELEASE.jar:2.2.2.RELEASE]
	at com.example.platform.DemoApplication.main(DemoApplication.java:10) [classes/:na]
Caused by: java.lang.IllegalStateException: Ambiguous mapping. Cannot map 'providerController' method 
com.example.platform.web.ProviderController#index()
to { /}: There is already 'indexController' bean method
com.example.platform.web.IndexController#index() mapped.
	at org.springframework.web.servlet.handler.AbstractHandlerMethodMapping$MappingRegistry.validateMethodMapping(AbstractHandlerMethodMapping.java:633) ~[spring-webmvc-5.2.2.RELEASE.jar:5.2.2.RELEASE]
	at org.springframework.web.servlet.handler.AbstractHandlerMethodMapping$MappingRegistry.register(AbstractHandlerMethodMapping.java:600) ~[spring-webmvc-5.2.2.RELEASE.jar:5.2.2.RELEASE]
	at org.springframework.web.servlet.handler.AbstractHandlerMethodMapping.registerHandlerMethod(AbstractHandlerMethodMapping.java:318) ~[spring-webmvc-5.2.2.RELEASE.jar:5.2.2.RELEASE]
	at org.springframework.web.servlet.mvc.method.annotation.RequestMappingHandlerMapping.registerHandlerMethod(RequestMappingHandlerMapping.java:350) ~[spring-webmvc-5.2.2.RELEASE.jar:5.2.2.RELEASE]
	at org.springframework.web.servlet.mvc.method.annotation.RequestMappingHandlerMapping.registerHandlerMethod(RequestMappingHandlerMapping.java:67) ~[spring-webmvc-5.2.2.RELEASE.jar:5.2.2.RELEASE]
	at org.springframework.web.servlet.handler.AbstractHandlerMethodMapping.lambda$detectHandlerMethods$1(AbstractHandlerMethodMapping.java:288) ~[spring-webmvc-5.2.2.RELEASE.jar:5.2.2.RELEASE]
	at java.base/java.util.LinkedHashMap.forEach(LinkedHashMap.java:684) ~[na:na]
	at org.springframework.web.servlet.handler.AbstractHandlerMethodMapping.detectHandlerMethods(AbstractHandlerMethodMapping.java:286) ~[spring-webmvc-5.2.2.RELEASE.jar:5.2.2.RELEASE]
	at org.springframework.web.servlet.handler.AbstractHandlerMethodMapping.processCandidateBean(AbstractHandlerMethodMapping.java:258) ~[spring-webmvc-5.2.2.RELEASE.jar:5.2.2.RELEASE]
	at org.springframework.web.servlet.handler.AbstractHandlerMethodMapping.initHandlerMethods(AbstractHandlerMethodMapping.java:217) ~[spring-webmvc-5.2.2.RELEASE.jar:5.2.2.RELEASE]
	at org.springframework.web.servlet.handler.AbstractHandlerMethodMapping.afterPropertiesSet(AbstractHandlerMethodMapping.java:205) ~[spring-webmvc-5.2.2.RELEASE.jar:5.2.2.RELEASE]
	at org.springframework.web.servlet.mvc.method.annotation.RequestMappingHandlerMapping.afterPropertiesSet(RequestMappingHandlerMapping.java:171) ~[spring-webmvc-5.2.2.RELEASE.jar:5.2.2.RELEASE]
	at org.springframework.beans.factory.support.AbstractAutowireCapableBeanFactory.invokeInitMethods(AbstractAutowireCapableBeanFactory.java:1855) ~[spring-beans-5.2.2.RELEASE.jar:5.2.2.RELEASE]
	at org.springframework.beans.factory.support.AbstractAutowireCapableBeanFactory.initializeBean(AbstractAutowireCapableBeanFactory.java:1792) ~[spring-beans-5.2.2.RELEASE.jar:5.2.2.RELEASE]
	... 16 common frames omitted

2019-12-24 12:12:08.069  INFO 3404 --- [main] com.example.platform.DemoApplication         : Starting DemoApplication on LAPTOP-NGJ0BRPI with PID 3404 (started by Meleny in C:\Users\Meleny\Desktop\m'file\compulsory courses\网络应用开发\spring-boot-examples\demo)
2019-12-24 12:12:08.077  INFO 3404 --- [main] com.example.platform.DemoApplication         : No active profile set, falling back to default profiles: default
2019-12-24 12:12:08.730  INFO 3404 --- [main] .s.d.r.c.RepositoryConfigurationDelegate : Bootstrapping Spring Data JPA repositories in DEFAULT mode.
2019-12-24 12:12:08.779  INFO 3404 --- [main] .s.d.r.c.RepositoryConfigurationDelegate : Finished Spring Data repository scanning in 43ms. Found 1 JPA repository interfaces.
2019-12-24 12:12:08.984  INFO 3404 --- [main] trationDelegate$BeanPostProcessorChecker : Bean 'org.springframework.transaction.annotation.ProxyTransactionManagementConfiguration' of type [org.springframework.transaction.annotation.ProxyTransactionManagementConfiguration] is not eligible for getting processed by all BeanPostProcessors (for example: not eligible for auto-proxying)
2019-12-24 12:12:09.167  INFO 3404 --- [main] o.s.b.w.embedded.tomcat.TomcatWebServer  : Tomcat initialized with port(s): 8080 (http)
2019-12-24 12:12:09.175  INFO 3404 --- [main] o.apache.catalina.core.StandardService   : Starting service [Tomcat]
2019-12-24 12:12:09.176  INFO 3404 --- [main] org.apache.catalina.core.StandardEngine  : Starting Servlet engine: [Apache Tomcat/9.0.29]
2019-12-24 12:12:09.177  INFO 3404 --- [main] o.a.catalina.core.AprLifecycleListener   : Loaded APR based Apache Tomcat Native library [1.2.23] using APR version [1.7.0].
2019-12-24 12:12:09.178  INFO 3404 --- [main] o.a.catalina.core.AprLifecycleListener   : APR capabilities: IPv6 [true], sendfile [true], accept filters [false], random [true].
2019-12-24 12:12:09.178  INFO 3404 --- [main] o.a.catalina.core.AprLifecycleListener   : APR/OpenSSL configuration: useAprConnector [false], useOpenSSL [true]
2019-12-24 12:12:09.182  INFO 3404 --- [main] o.a.catalina.core.AprLifecycleListener   : OpenSSL successfully initialized [OpenSSL 1.1.1c  28 May 2019]
2019-12-24 12:12:09.308  INFO 3404 --- [main] o.a.c.c.C.[Tomcat].[localhost].[/]       : Initializing Spring embedded WebApplicationContext
2019-12-24 12:12:09.309  INFO 3404 --- [main] o.s.web.context.ContextLoader            : Root WebApplicationContext: initialization completed in 1180 ms
2019-12-24 12:12:09.428  INFO 3404 --- [main] o.hibernate.jpa.internal.util.LogHelper  : HHH000204: Processing PersistenceUnitInfo [name: default]
2019-12-24 12:12:09.481  INFO 3404 --- [main] org.hibernate.Version                    : HHH000412: Hibernate Core {5.4.9.Final}
2019-12-24 12:12:09.602  INFO 3404 --- [main] o.hibernate.annotations.common.Version   : HCANN000001: Hibernate Commons Annotations {5.1.0.Final}
2019-12-24 12:12:09.697  INFO 3404 --- [main] com.zaxxer.hikari.HikariDataSource       : HikariPool-1 - Starting...
2019-12-24 12:12:09.863  INFO 3404 --- [main] com.zaxxer.hikari.HikariDataSource       : HikariPool-1 - Start completed.
2019-12-24 12:12:09.875  INFO 3404 --- [main] org.hibernate.dialect.Dialect            : HHH000400: Using dialect: org.hibernate.dialect.MySQL5InnoDBDialect
2019-12-24 12:12:10.391  INFO 3404 --- [main] o.h.e.t.j.p.i.JtaPlatformInitiator       : HHH000490: Using JtaPlatform implementation: [org.hibernate.engine.transaction.jta.platform.internal.NoJtaPlatform]
2019-12-24 12:12:10.396  INFO 3404 --- [main] j.LocalContainerEntityManagerFactoryBean : Initialized JPA EntityManagerFactory for persistence unit 'default'
2019-12-24 12:12:10.604  WARN 3404 --- [main] JpaBaseConfiguration$JpaWebConfiguration : spring.jpa.open-in-view is enabled by default. Therefore, database queries may be performed during view rendering. Explicitly configure spring.jpa.open-in-view to disable this warning
2019-12-24 12:12:10.690  INFO 3404 --- [main] o.s.s.concurrent.ThreadPoolTaskExecutor  : Initializing ExecutorService 'applicationTaskExecutor'
2019-12-24 12:12:10.732  INFO 3404 --- [main] o.s.b.a.w.s.WelcomePageHandlerMapping    : Adding welcome page template: index
2019-12-24 12:12:10.878  INFO 3404 --- [main] o.s.b.w.embedded.tomcat.TomcatWebServer  : Tomcat started on port(s): 8080 (http) with context path ''
2019-12-24 12:12:10.880  INFO 3404 --- [main] com.example.platform.DemoApplication         : Started DemoApplication in 3.226 seconds (JVM running for 4.289)
2019-12-24 12:12:16.620  INFO 3404 --- [http-nio-8080-exec-1] o.a.c.c.C.[Tomcat].[localhost].[/]       : Initializing Spring DispatcherServlet 'dispatcherServlet'
2019-12-24 12:12:16.621  INFO 3404 --- [http-nio-8080-exec-1] o.s.web.servlet.DispatcherServlet        : Initializing Servlet 'dispatcherServlet'
2019-12-24 12:12:16.629  INFO 3404 --- [http-nio-8080-exec-1] o.s.web.servlet.DispatcherServlet        : Completed initialization in 7 ms
2019-12-24 12:13:06.798  INFO 21528 --- [main] com.example.platform.DemoApplication         : Starting DemoApplication on LAPTOP-NGJ0BRPI with PID 21528 (started by Meleny in C:\Users\Meleny\Desktop\m'file\compulsory courses\网络应用开发\spring-boot-examples\demo)
2019-12-24 12:13:06.811  INFO 21528 --- [main] com.example.platform.DemoApplication         : No active profile set, falling back to default profiles: default
2019-12-24 12:13:07.677  INFO 21528 --- [main] .s.d.r.c.RepositoryConfigurationDelegate : Bootstrapping Spring Data JPA repositories in DEFAULT mode.
2019-12-24 12:13:07.763  INFO 21528 --- [main] .s.d.r.c.RepositoryConfigurationDelegate : Finished Spring Data repository scanning in 73ms. Found 1 JPA repository interfaces.
2019-12-24 12:13:08.161  INFO 21528 --- [main] trationDelegate$BeanPostProcessorChecker : Bean 'org.springframework.transaction.annotation.ProxyTransactionManagementConfiguration' of type [org.springframework.transaction.annotation.ProxyTransactionManagementConfiguration] is not eligible for getting processed by all BeanPostProcessors (for example: not eligible for auto-proxying)
2019-12-24 12:13:08.463  INFO 21528 --- [main] o.s.b.w.embedded.tomcat.TomcatWebServer  : Tomcat initialized with port(s): 8080 (http)
2019-12-24 12:13:08.475  INFO 21528 --- [main] o.apache.catalina.core.StandardService   : Starting service [Tomcat]
2019-12-24 12:13:08.475  INFO 21528 --- [main] org.apache.catalina.core.StandardEngine  : Starting Servlet engine: [Apache Tomcat/9.0.29]
2019-12-24 12:13:08.477  INFO 21528 --- [main] o.a.catalina.core.AprLifecycleListener   : Loaded APR based Apache Tomcat Native library [1.2.23] using APR version [1.7.0].
2019-12-24 12:13:08.477  INFO 21528 --- [main] o.a.catalina.core.AprLifecycleListener   : APR capabilities: IPv6 [true], sendfile [true], accept filters [false], random [true].
2019-12-24 12:13:08.478  INFO 21528 --- [main] o.a.catalina.core.AprLifecycleListener   : APR/OpenSSL configuration: useAprConnector [false], useOpenSSL [true]
2019-12-24 12:13:08.482  INFO 21528 --- [main] o.a.catalina.core.AprLifecycleListener   : OpenSSL successfully initialized [OpenSSL 1.1.1c  28 May 2019]
2019-12-24 12:13:08.628  INFO 21528 --- [main] o.a.c.c.C.[Tomcat].[localhost].[/]       : Initializing Spring embedded WebApplicationContext
2019-12-24 12:13:08.629  INFO 21528 --- [main] o.s.web.context.ContextLoader            : Root WebApplicationContext: initialization completed in 1736 ms
2019-12-24 12:13:08.774  INFO 21528 --- [main] o.hibernate.jpa.internal.util.LogHelper  : HHH000204: Processing PersistenceUnitInfo [name: default]
2019-12-24 12:13:08.830  INFO 21528 --- [main] org.hibernate.Version                    : HHH000412: Hibernate Core {5.4.9.Final}
2019-12-24 12:13:08.925  INFO 21528 --- [main] o.hibernate.annotations.common.Version   : HCANN000001: Hibernate Commons Annotations {5.1.0.Final}
2019-12-24 12:13:09.003  INFO 21528 --- [main] com.zaxxer.hikari.HikariDataSource       : HikariPool-1 - Starting...
2019-12-24 12:13:09.156  INFO 21528 --- [main] com.zaxxer.hikari.HikariDataSource       : HikariPool-1 - Start completed.
2019-12-24 12:13:09.164  INFO 21528 --- [main] org.hibernate.dialect.Dialect            : HHH000400: Using dialect: org.hibernate.dialect.MySQL5InnoDBDialect
2019-12-24 12:13:09.628  INFO 21528 --- [main] o.h.e.t.j.p.i.JtaPlatformInitiator       : HHH000490: Using JtaPlatform implementation: [org.hibernate.engine.transaction.jta.platform.internal.NoJtaPlatform]
2019-12-24 12:13:09.632  INFO 21528 --- [main] j.LocalContainerEntityManagerFactoryBean : Initialized JPA EntityManagerFactory for persistence unit 'default'
2019-12-24 12:13:09.852  WARN 21528 --- [main] JpaBaseConfiguration$JpaWebConfiguration : spring.jpa.open-in-view is enabled by default. Therefore, database queries may be performed during view rendering. Explicitly configure spring.jpa.open-in-view to disable this warning
2019-12-24 12:13:09.947  INFO 21528 --- [main] o.s.s.concurrent.ThreadPoolTaskExecutor  : Initializing ExecutorService 'applicationTaskExecutor'
2019-12-24 12:13:09.997  INFO 21528 --- [main] o.s.b.a.w.s.WelcomePageHandlerMapping    : Adding welcome page template: index
2019-12-24 12:13:10.165  INFO 21528 --- [main] o.s.b.w.embedded.tomcat.TomcatWebServer  : Tomcat started on port(s): 8080 (http) with context path ''
2019-12-24 12:13:10.167  INFO 21528 --- [main] com.example.platform.DemoApplication         : Started DemoApplication in 3.909 seconds (JVM running for 5.589)
2019-12-24 12:13:12.277  INFO 21528 --- [http-nio-8080-exec-1] o.a.c.c.C.[Tomcat].[localhost].[/]       : Initializing Spring DispatcherServlet 'dispatcherServlet'
2019-12-24 12:13:12.278  INFO 21528 --- [http-nio-8080-exec-1] o.s.web.servlet.DispatcherServlet        : Initializing Servlet 'dispatcherServlet'
2019-12-24 12:13:12.283  INFO 21528 --- [http-nio-8080-exec-1] o.s.web.servlet.DispatcherServlet        : Completed initialization in 5 ms
2019-12-24 12:13:16.688  INFO 21528 --- [http-nio-8080-exec-2] com.example.platform.entity.Provider         : a provider register
2019-12-24 12:19:19.392  INFO 19868 --- [main] com.example.platform.DemoApplication         : Starting DemoApplication on LAPTOP-NGJ0BRPI with PID 19868 (started by Meleny in C:\Users\Meleny\Desktop\m'file\compulsory courses\网络应用开发\spring-boot-examples\demo)
2019-12-24 12:19:19.403  INFO 19868 --- [main] com.example.platform.DemoApplication         : No active profile set, falling back to default profiles: default
2019-12-24 12:19:20.265  INFO 19868 --- [main] .s.d.r.c.RepositoryConfigurationDelegate : Bootstrapping Spring Data JPA repositories in DEFAULT mode.
2019-12-24 12:19:20.322  INFO 19868 --- [main] .s.d.r.c.RepositoryConfigurationDelegate : Finished Spring Data repository scanning in 50ms. Found 1 JPA repository interfaces.
2019-12-24 12:19:20.565  INFO 19868 --- [main] trationDelegate$BeanPostProcessorChecker : Bean 'org.springframework.transaction.annotation.ProxyTransactionManagementConfiguration' of type [org.springframework.transaction.annotation.ProxyTransactionManagementConfiguration] is not eligible for getting processed by all BeanPostProcessors (for example: not eligible for auto-proxying)
2019-12-24 12:19:20.789  INFO 19868 --- [main] o.s.b.w.embedded.tomcat.TomcatWebServer  : Tomcat initialized with port(s): 8080 (http)
2019-12-24 12:19:20.799  INFO 19868 --- [main] o.apache.catalina.core.StandardService   : Starting service [Tomcat]
2019-12-24 12:19:20.800  INFO 19868 --- [main] org.apache.catalina.core.StandardEngine  : Starting Servlet engine: [Apache Tomcat/9.0.29]
2019-12-24 12:19:20.802  INFO 19868 --- [main] o.a.catalina.core.AprLifecycleListener   : Loaded APR based Apache Tomcat Native library [1.2.23] using APR version [1.7.0].
2019-12-24 12:19:20.802  INFO 19868 --- [main] o.a.catalina.core.AprLifecycleListener   : APR capabilities: IPv6 [true], sendfile [true], accept filters [false], random [true].
2019-12-24 12:19:20.802  INFO 19868 --- [main] o.a.catalina.core.AprLifecycleListener   : APR/OpenSSL configuration: useAprConnector [false], useOpenSSL [true]
2019-12-24 12:19:20.806  INFO 19868 --- [main] o.a.catalina.core.AprLifecycleListener   : OpenSSL successfully initialized [OpenSSL 1.1.1c  28 May 2019]
2019-12-24 12:19:20.939  INFO 19868 --- [main] o.a.c.c.C.[Tomcat].[localhost].[/]       : Initializing Spring embedded WebApplicationContext
2019-12-24 12:19:20.940  INFO 19868 --- [main] o.s.web.context.ContextLoader            : Root WebApplicationContext: initialization completed in 1474 ms
2019-12-24 12:19:21.129  INFO 19868 --- [main] o.hibernate.jpa.internal.util.LogHelper  : HHH000204: Processing PersistenceUnitInfo [name: default]
2019-12-24 12:19:21.217  INFO 19868 --- [main] org.hibernate.Version                    : HHH000412: Hibernate Core {5.4.9.Final}
2019-12-24 12:19:21.329  INFO 19868 --- [main] o.hibernate.annotations.common.Version   : HCANN000001: Hibernate Commons Annotations {5.1.0.Final}
2019-12-24 12:19:21.419  INFO 19868 --- [main] com.zaxxer.hikari.HikariDataSource       : HikariPool-1 - Starting...
2019-12-24 12:19:21.573  INFO 19868 --- [main] com.zaxxer.hikari.HikariDataSource       : HikariPool-1 - Start completed.
2019-12-24 12:19:21.583  INFO 19868 --- [main] org.hibernate.dialect.Dialect            : HHH000400: Using dialect: org.hibernate.dialect.MySQL5InnoDBDialect
2019-12-24 12:19:22.099  INFO 19868 --- [main] o.h.e.t.j.p.i.JtaPlatformInitiator       : HHH000490: Using JtaPlatform implementation: [org.hibernate.engine.transaction.jta.platform.internal.NoJtaPlatform]
2019-12-24 12:19:22.105  INFO 19868 --- [main] j.LocalContainerEntityManagerFactoryBean : Initialized JPA EntityManagerFactory for persistence unit 'default'
2019-12-24 12:19:22.348  WARN 19868 --- [main] JpaBaseConfiguration$JpaWebConfiguration : spring.jpa.open-in-view is enabled by default. Therefore, database queries may be performed during view rendering. Explicitly configure spring.jpa.open-in-view to disable this warning
2019-12-24 12:19:22.451  INFO 19868 --- [main] o.s.s.concurrent.ThreadPoolTaskExecutor  : Initializing ExecutorService 'applicationTaskExecutor'
2019-12-24 12:19:22.501  INFO 19868 --- [main] o.s.b.a.w.s.WelcomePageHandlerMapping    : Adding welcome page template: index
2019-12-24 12:19:22.638  INFO 19868 --- [main] o.s.b.w.embedded.tomcat.TomcatWebServer  : Tomcat started on port(s): 8080 (http) with context path ''
2019-12-24 12:19:22.639  INFO 19868 --- [main] com.example.platform.DemoApplication         : Started DemoApplication in 3.646 seconds (JVM running for 4.722)
2019-12-24 12:19:27.691  INFO 19868 --- [http-nio-8080-exec-1] o.a.c.c.C.[Tomcat].[localhost].[/]       : Initializing Spring DispatcherServlet 'dispatcherServlet'
2019-12-24 12:19:27.694  INFO 19868 --- [http-nio-8080-exec-1] o.s.web.servlet.DispatcherServlet        : Initializing Servlet 'dispatcherServlet'
2019-12-24 12:19:27.704  INFO 19868 --- [http-nio-8080-exec-1] o.s.web.servlet.DispatcherServlet        : Completed initialization in 9 ms
2019-12-24 12:19:32.219  INFO 19868 --- [http-nio-8080-exec-5] com.example.platform.entity.Provider         : a provider register
2019-12-24 12:19:50.221  INFO 19868 --- [http-nio-8080-exec-2] com.example.platform.entity.Provider         : a provider register
